<?xml version="1.0" encoding="utf-8"?><testsuites name="pytest tests"><testsuite name="pytest" errors="0" failures="0" skipped="0" tests="9" time="118.755" timestamp="2026-09-10T14:42:58.303125+00:00" hostname="agent-env-8e4739f4-64ce-438f-b443-63692406cabb"><testcase classname="tests.backend_test" name="test_upload_lhpp" time="2.275" /><testcase classname="tests.backend_test" name="test_analyze_ai_detail_ranges" time="32.511" /><testcase classname="tests.backend_test" name="test_analyze_ai_spesifikasi_mesin_page5" time="0.000" /><testcase classname="tests.backend_test" name="test_analyze_heuristic" time="5.456" /><testcase classname="tests.backend_test" name="test_analyze_ai_section_fewer" time="15.725" /><testcase classname="tests.backend_test" name="test_update_documents_records_correction" time="31.567" /><testcase classname="tests.backend_test" name="test_split_and_zip" time="21.985" /><testcase classname="tests.backend_test" name="test_sample_ai_regression" time="8.542" /><testcase classname="tests.backend_test" name="test_templates_seeded" time="0.090" /></testsuite></testsuites>