<?xml version="1.0" encoding="utf-8"?><testsuites name="pytest tests"><testsuite name="pytest" errors="0" failures="0" skipped="0" tests="11" time="7.993" timestamp="2026-09-10T13:56:18.072794+00:00" hostname="agent-env-8e4739f4-64ce-438f-b443-63692406cabb"><testcase classname="tests.backend_test" name="test_sample_endpoint" time="0.680" /><testcase classname="tests.backend_test" name="test_analyze_dynamic_ranges" time="0.352" /><testcase classname="tests.backend_test" name="test_analyze_spesifikasi_mesin_multi_page" time="0.000" /><testcase classname="tests.backend_test" name="test_metadata_pltd" time="0.000" /><testcase classname="tests.backend_test" name="test_update_documents_records_correction" time="0.221" /><testcase classname="tests.backend_test" name="test_split_and_outputs" time="2.995" /><testcase classname="tests.backend_test" name="test_download_zip" time="2.144" /><testcase classname="tests.backend_test" name="test_page_image" time="0.158" /><testcase classname="tests.backend_test" name="test_original_pdf" time="0.354" /><testcase classname="tests.backend_test" name="test_templates_seeded" time="0.112" /><testcase classname="tests.backend_test" name="test_templates_crud" time="0.393" /></testsuite></testsuites>